<?xml version="1.0" encoding="UTF-8"?>
<!-- Generated by org.testng.reporters.JUnitReportReporter -->
<testsuite hostname="DESKTOP-MEMP1CD" failures="0" tests="1" name="TestCase" time="0.005" errors="0" timestamp="2024-03-18T00:34:13 EET" skipped="0">
  <testcase classname="TestCase" name="test" time="0.005"/>
</testsuite> <!-- TestCase -->
